<?xml version="1.0" encoding="UTF-8"?>
<!-- Generated by org.testng.reporters.JUnitReportReporter -->
<testsuite hostname="DESKTOP-CABLLL6" failures="0" tests="1" name="org.Selenium.test.ATUsingTestNg" time="0.092" errors="0" timestamp="23 Feb 2024 09:27:10 GMT" skipped="0">
  <testcase classname="org.Selenium.test.ATUsingTestNg" name="deleteAllCustomer" time="0.092"/>
</testsuite> <!-- org.Selenium.test.ATUsingTestNg -->
