<?xml version="1.0" encoding="UTF-8"?>
<!-- Generated by org.testng.reporters.JUnitReportReporter -->
<testsuite hostname="DESKTOP-CABLLL6" failures="0" tests="1" name="org.digisoft.training.Actatime.Dragger" time="5.098" errors="0" timestamp="12 Feb 2024 12:18:46 GMT" skipped="0">
  <testcase classname="org.digisoft.training.Actatime.Dragger" name="demo" time="5.098"/>
</testsuite> <!-- org.digisoft.training.Actatime.Dragger -->
