<?xml version="1.0" encoding="UTF-8"?>
<!-- Generated by org.testng.reporters.JUnitReportReporter -->
<testsuite hostname="DESKTOP-CABLLL6" failures="0" tests="1" name="org.digisoft.training.Actatime.FlipkartDemo" time="5.555" errors="0" timestamp="12 Feb 2024 11:33:24 GMT" skipped="0">
  <testcase classname="org.digisoft.training.Actatime.FlipkartDemo" name="suggestion" time="5.555"/>
</testsuite> <!-- org.digisoft.training.Actatime.FlipkartDemo -->
