<?xml version="1.0" encoding="UTF-8"?>
<!-- Generated by org.testng.reporters.JUnitReportReporter -->
<testsuite hostname="DESKTOP-CABLLL6" failures="0" tests="1" name="org.digisoft.training.HelloWorld" time="12.674" errors="0" timestamp="24 Feb 2024 08:27:52 GMT" skipped="0">
  <testcase classname="org.digisoft.training.HelloWorld" name="FormFill" time="12.674"/>
</testsuite> <!-- org.digisoft.training.HelloWorld -->
