<?xml version="1.0" encoding="UTF-8"?>
<!-- Generated by org.testng.reporters.JUnitReportReporter -->
<testsuite hostname="DESKTOP-CABLLL6" failures="0" tests="1" name="org.digisoft.training.Switchto.HandlingFramedemo" time="9.254" errors="0" timestamp="13 Feb 2024 06:05:42 GMT" skipped="0">
  <testcase classname="org.digisoft.training.Switchto.HandlingFramedemo" name="multiWindow" time="9.254"/>
</testsuite> <!-- org.digisoft.training.Switchto.HandlingFramedemo -->
