<?xml version="1.0" encoding="UTF-8"?>
<!-- Generated by org.testng.reporters.JUnitReportReporter -->
<testsuite hostname="DESKTOP-CABLLL6" failures="0" tests="1" name="org.digisoft.training.sync.ImplicityWaitDemo" time="9.984" errors="0" timestamp="05 Feb 2024 14:34:45 GMT" skipped="0">
  <testcase classname="org.digisoft.training.sync.ImplicityWaitDemo" name="FormFill" time="9.984"/>
</testsuite> <!-- org.digisoft.training.sync.ImplicityWaitDemo -->
