<?xml version="1.0" encoding="UTF-8"?>
<!-- Generated by org.testng.reporters.JUnitReportReporter -->
<testsuite hostname="DESKTOP-CABLLL6" failures="0" tests="1" name="org.digisoft.training.Demo" time="0.011" errors="0" timestamp="24 Feb 2024 08:33:14 GMT" skipped="0">
  <testcase classname="org.digisoft.training.Demo" name="test1" time="0.011"/>
</testsuite> <!-- org.digisoft.training.Demo -->
